0 info it worked if it ends with ok
1 verbose cli [ '/Users/xoundboy/.nvm/versions/node/v6.12.3/bin/node',
1 verbose cli   '/Users/xoundboy/.nvm/versions/node/v6.12.3/bin/npm',
1 verbose cli   'run',
1 verbose cli   'dev' ]
2 info using npm@3.10.10
3 info using node@v6.12.3
4 verbose run-script [ 'predev', 'dev', 'postdev' ]
5 info lifecycle typescript-express@0.0.0~predev: typescript-express@0.0.0
6 silly lifecycle typescript-express@0.0.0~predev: no script for predev, continuing
7 info lifecycle typescript-express@0.0.0~dev: typescript-express@0.0.0
8 verbose lifecycle typescript-express@0.0.0~dev: unsafe-perm in lifecycle true
9 verbose lifecycle typescript-express@0.0.0~dev: PATH: /Users/xoundboy/.nvm/versions/node/v6.12.3/lib/node_modules/npm/bin/node-gyp-bin:/Users/xoundboy/czapp/server/node_modules/.bin:/Users/xoundboy/.nvm/versions/node/v6.12.3/bin:/usr/local/bin:/usr/local/bin:/usr/bin:/bin:/usr/sbin:/sbin:/opt/X11/bin:/Applications/Wireshark.app/Contents/MacOS:/usr/local/Cellar/ant/1.9.6/libexec::/Users/xoundboy/tizen-sdk/tools/ide/bin:/Users/xoundboy/tizen-sdk/tools:/Users/xoundboy/tizen-sdk/update-manager:/Users/xoundboy/x7.1/test/bin:/Users/xoundboy/tizen-sdk/tools/ide/bin:/usr/local/opt/mysql@5.5/bin:/Users/xoundboy/.nvm/versions/node/v8.9.4:/Users/xoundboy/Library/Android/sdk/tools:/Users/xoundboy/Library/Android/sdk/platform-tools
10 verbose lifecycle typescript-express@0.0.0~dev: CWD: /Users/xoundboy/czapp/server
11 silly lifecycle typescript-express@0.0.0~dev: Args: [ '-c',
11 silly lifecycle   'concurrently --kill-others "tsc -w -p src" "node dist/index.js"' ]
12 silly lifecycle typescript-express@0.0.0~dev: Returned: code: 1  signal: null
13 info lifecycle typescript-express@0.0.0~dev: Failed to exec dev script
14 verbose stack Error: typescript-express@0.0.0 dev: `concurrently --kill-others "tsc -w -p src" "node dist/index.js"`
14 verbose stack Exit status 1
14 verbose stack     at EventEmitter.<anonymous> (/Users/xoundboy/.nvm/versions/node/v6.12.3/lib/node_modules/npm/lib/utils/lifecycle.js:255:16)
14 verbose stack     at emitTwo (events.js:106:13)
14 verbose stack     at EventEmitter.emit (events.js:191:7)
14 verbose stack     at ChildProcess.<anonymous> (/Users/xoundboy/.nvm/versions/node/v6.12.3/lib/node_modules/npm/lib/utils/spawn.js:40:14)
14 verbose stack     at emitTwo (events.js:106:13)
14 verbose stack     at ChildProcess.emit (events.js:191:7)
14 verbose stack     at maybeClose (internal/child_process.js:920:16)
14 verbose stack     at Process.ChildProcess._handle.onexit (internal/child_process.js:230:5)
15 verbose pkgid typescript-express@0.0.0
16 verbose cwd /Users/xoundboy/czapp/server
17 error Darwin 15.6.0
18 error argv "/Users/xoundboy/.nvm/versions/node/v6.12.3/bin/node" "/Users/xoundboy/.nvm/versions/node/v6.12.3/bin/npm" "run" "dev"
19 error node v6.12.3
20 error npm  v3.10.10
21 error code ELIFECYCLE
22 error typescript-express@0.0.0 dev: `concurrently --kill-others "tsc -w -p src" "node dist/index.js"`
22 error Exit status 1
23 error Failed at the typescript-express@0.0.0 dev script 'concurrently --kill-others "tsc -w -p src" "node dist/index.js"'.
23 error Make sure you have the latest version of node.js and npm installed.
23 error If you do, this is most likely a problem with the typescript-express package,
23 error not with npm itself.
23 error Tell the author that this fails on your system:
23 error     concurrently --kill-others "tsc -w -p src" "node dist/index.js"
23 error You can get information on how to open an issue for this project with:
23 error     npm bugs typescript-express
23 error Or if that isn't available, you can get their info via:
23 error     npm owner ls typescript-express
23 error There is likely additional logging output above.
24 verbose exit [ 1, true ]
