0 info it worked if it ends with ok
1 verbose cli [ '/Users/xoundboy/.nvm/versions/node/v6.12.3/bin/node',
1 verbose cli   '/Users/xoundboy/.nvm/versions/node/v6.12.3/bin/npm',
1 verbose cli   'run',
1 verbose cli   'start' ]
2 info using npm@3.10.10
3 info using node@v6.12.3
4 verbose run-script [ 'prestart', 'start', 'poststart' ]
5 info lifecycle czapp-server@0.0.1~prestart: czapp-server@0.0.1
6 silly lifecycle czapp-server@0.0.1~prestart: no script for prestart, continuing
7 info lifecycle czapp-server@0.0.1~start: czapp-server@0.0.1
8 verbose lifecycle czapp-server@0.0.1~start: unsafe-perm in lifecycle true
9 verbose lifecycle czapp-server@0.0.1~start: PATH: /Users/xoundboy/.nvm/versions/node/v6.12.3/lib/node_modules/npm/bin/node-gyp-bin:/Users/xoundboy/czapp/server/node_modules/.bin:/Users/xoundboy/.nvm/versions/node/v6.12.3/bin:/usr/local/bin:/usr/local/bin:/usr/bin:/bin:/usr/sbin:/sbin:/opt/X11/bin:/Applications/Wireshark.app/Contents/MacOS:/usr/local/Cellar/ant/1.9.6/libexec::/Users/xoundboy/tizen-sdk/tools/ide/bin:/Users/xoundboy/tizen-sdk/tools:/Users/xoundboy/tizen-sdk/update-manager:/Users/xoundboy/x7.1/test/bin:/Users/xoundboy/tizen-sdk/tools/ide/bin:/usr/local/opt/mysql@5.5/bin:/Users/xoundboy/Library/Android/sdk/tools:/Users/xoundboy/Library/Android/sdk/platform-tools
10 verbose lifecycle czapp-server@0.0.1~start: CWD: /Users/xoundboy/czapp/server
11 silly lifecycle czapp-server@0.0.1~start: Args: [ '-c', 'node server.js' ]
12 silly lifecycle czapp-server@0.0.1~start: Returned: code: 1  signal: null
13 info lifecycle czapp-server@0.0.1~start: Failed to exec start script
14 verbose stack Error: czapp-server@0.0.1 start: `node server.js`
14 verbose stack Exit status 1
14 verbose stack     at EventEmitter.<anonymous> (/Users/xoundboy/.nvm/versions/node/v6.12.3/lib/node_modules/npm/lib/utils/lifecycle.js:255:16)
14 verbose stack     at emitTwo (events.js:106:13)
14 verbose stack     at EventEmitter.emit (events.js:191:7)
14 verbose stack     at ChildProcess.<anonymous> (/Users/xoundboy/.nvm/versions/node/v6.12.3/lib/node_modules/npm/lib/utils/spawn.js:40:14)
14 verbose stack     at emitTwo (events.js:106:13)
14 verbose stack     at ChildProcess.emit (events.js:191:7)
14 verbose stack     at maybeClose (internal/child_process.js:920:16)
14 verbose stack     at Process.ChildProcess._handle.onexit (internal/child_process.js:230:5)
15 verbose pkgid czapp-server@0.0.1
16 verbose cwd /Users/xoundboy/czapp/server/sh
17 error Darwin 15.6.0
18 error argv "/Users/xoundboy/.nvm/versions/node/v6.12.3/bin/node" "/Users/xoundboy/.nvm/versions/node/v6.12.3/bin/npm" "run" "start"
19 error node v6.12.3
20 error npm  v3.10.10
21 error code ELIFECYCLE
22 error czapp-server@0.0.1 start: `node server.js`
22 error Exit status 1
23 error Failed at the czapp-server@0.0.1 start script 'node server.js'.
23 error Make sure you have the latest version of node.js and npm installed.
23 error If you do, this is most likely a problem with the czapp-server package,
23 error not with npm itself.
23 error Tell the author that this fails on your system:
23 error     node server.js
23 error You can get information on how to open an issue for this project with:
23 error     npm bugs czapp-server
23 error Or if that isn't available, you can get their info via:
23 error     npm owner ls czapp-server
23 error There is likely additional logging output above.
24 verbose exit [ 1, true ]
